0 info it worked if it ends with ok
1 verbose cli [ '/usr/local/Cellar/node/7.7.1_1/bin/node',
1 verbose cli   '/usr/local/bin/npm',
1 verbose cli   'run',
1 verbose cli   'start' ]
2 info using npm@3.10.9
3 info using node@v7.7.1
4 verbose run-script [ 'prestart', 'start', 'poststart' ]
5 info lifecycle @coreui/vue@1.0.10~prestart: @coreui/vue@1.0.10
6 silly lifecycle @coreui/vue@1.0.10~prestart: no script for prestart, continuing
7 info lifecycle @coreui/vue@1.0.10~start: @coreui/vue@1.0.10
8 verbose lifecycle @coreui/vue@1.0.10~start: unsafe-perm in lifecycle true
9 verbose lifecycle @coreui/vue@1.0.10~start: PATH: /usr/local/lib/node_modules/npm/bin/node-gyp-bin:/Users/hadi/Desktop/WORKS/freelance/hand2works-vue/Vue_Starter/node_modules/.bin:/usr/local/Cellar/node/7.7.1_1/bin:/Users/hadi/.rvm/gems/ruby-2.2.7/bin:/Users/hadi/.rvm/gems/ruby-2.2.7@global/bin:/Users/hadi/.rvm/rubies/ruby-2.2.7/bin:/usr/local/opt/android-sdk/tools:/usr/local/opt/android-sdk/platform-tools:/usr/local/bin:/usr/bin:/bin:/usr/sbin:/sbin:/Users/hadi/.rvm/bin
10 verbose lifecycle @coreui/vue@1.0.10~start: CWD: /Users/hadi/Desktop/WORKS/freelance/hand2works-vue/Vue_Starter
11 silly lifecycle @coreui/vue@1.0.10~start: Args: [ '-c', 'node build/dev-server.js' ]
12 silly lifecycle @coreui/vue@1.0.10~start: Returned: code: 1  signal: null
13 info lifecycle @coreui/vue@1.0.10~start: Failed to exec start script
14 verbose stack Error: @coreui/vue@1.0.10 start: `node build/dev-server.js`
14 verbose stack Exit status 1
14 verbose stack     at EventEmitter.<anonymous> (/usr/local/lib/node_modules/npm/lib/utils/lifecycle.js:255:16)
14 verbose stack     at emitTwo (events.js:106:13)
14 verbose stack     at EventEmitter.emit (events.js:194:7)
14 verbose stack     at ChildProcess.<anonymous> (/usr/local/lib/node_modules/npm/lib/utils/spawn.js:40:14)
14 verbose stack     at emitTwo (events.js:106:13)
14 verbose stack     at ChildProcess.emit (events.js:194:7)
14 verbose stack     at maybeClose (internal/child_process.js:899:16)
14 verbose stack     at Process.ChildProcess._handle.onexit (internal/child_process.js:226:5)
15 verbose pkgid @coreui/vue@1.0.10
16 verbose cwd /Users/hadi/Desktop/WORKS/freelance/hand2works-vue/Vue_Starter
17 error Darwin 17.4.0
18 error argv "/usr/local/Cellar/node/7.7.1_1/bin/node" "/usr/local/bin/npm" "run" "start"
19 error node v7.7.1
20 error npm  v3.10.9
21 error code ELIFECYCLE
22 error @coreui/vue@1.0.10 start: `node build/dev-server.js`
22 error Exit status 1
23 error Failed at the @coreui/vue@1.0.10 start script 'node build/dev-server.js'.
23 error Make sure you have the latest version of node.js and npm installed.
23 error If you do, this is most likely a problem with the @coreui/vue package,
23 error not with npm itself.
23 error Tell the author that this fails on your system:
23 error     node build/dev-server.js
23 error You can get information on how to open an issue for this project with:
23 error     npm bugs @coreui/vue
23 error Or if that isn't available, you can get their info via:
23 error     npm owner ls @coreui/vue
23 error There is likely additional logging output above.
24 verbose exit [ 1, true ]
